Marginal likelihood with initialization (1) = -0.6585073673
Marginal likelihood with initialization (2) = -0.6585079810
Marginal likelihood with initialization (3) = -0.6585076466
Marginal likelihood with initialization (4) = -0.6585060359
Marginal likelihood with initialization (5) = -0.6585067649
Iteration Marginal_Likelihood delta_Marginal_Likelihood Iteration_Time (secs)
0 -0.6585060359 -- 14.154
10 -0.5765214343 0.0819846016 36.883
20 -0.5286832868 0.0478381475 66.697
30 -0.5105171169 0.0181661699 89.320
40 -0.5091448648 0.0013722521 93.567
50 -0.5063991532 0.0027457116 93.899
60 -0.4987977370 0.0076014162 96.626
70 -0.4939163267 0.0048814104 104.628
80 -0.4933137329 0.0006025937 105.298
90 -0.4929058312 0.0004079017 105.317
100 -0.4926669396 0.0002388916 105.176
110 -0.4925256784 0.0001412612 104.730
120 -0.4924470703 0.0000786081 104.563
130 -0.4923924712 0.0000545990 104.527
140 -0.4923659576 0.0000265136 104.479
150 -0.4923422020 0.0000237557 104.401
160 -0.4923265258 0.0000156761 104.470
170 -0.4923119745 0.0000145513 104.410
180 -0.4922988123 0.0000131622 104.332
190 -0.4922896951 0.0000091172 104.355
200 -0.4922813170 0.0000083781 104.323
210 -0.4922701947 0.0000111223 104.367
220 -0.4922593103 0.0000108844 104.332
230 -0.4922575656 0.0000017448 104.443
240 -0.4922554218 0.0000021437 104.406
250 -0.4922519384 0.0000034834 104.423
260 -0.4922486892 0.0000032491 104.415
270 -0.4922468200 0.0000018692 104.479
280 -0.4922416085 0.0000052116 104.499
290 -0.4922388980 0.0000027105 104.685
300 -0.4922388907 0.0000000073 104.977
Marginal Likelihood = -0.4922388907
Total time = 3002.6664 seconds
Total iterations = 300 
