Marginal likelihood with initialization (1) = -0.6398769776
Marginal likelihood with initialization (2) = -0.6398777444
Marginal likelihood with initialization (3) = -0.6398780318
Marginal likelihood with initialization (4) = -0.6398758712
Marginal likelihood with initialization (5) = -0.6398787204
Iteration Marginal_Likelihood delta_Marginal_Likelihood Iteration_Time (secs)
0 -0.6398758712 -- 12.274
60 -0.4909413957 0.0028370472 88.974
10 -0.5708428645 0.0690330067 31.835
70 -0.4907397029 0.0002016928 89.235
80 -0.4906761381 0.0000635647 88.685
90 -0.4906401057 0.0000360325 88.645
100 -0.4906176310 0.0000224747 88.683
110 -0.4905997201 0.0000179109 88.691
120 -0.4905893336 0.0000103865 88.736
130 -0.4905756013 0.0000137323 88.574
140 -0.4905647206 0.0000108807 88.588
150 -0.4905539606 0.0000107600 88.593
160 -0.4905427906 0.0000111700 88.731
170 -0.4905380740 0.0000047166 88.873
180 -0.4905310012 0.0000070729 88.579
190 -0.4905262821 0.0000047191 88.580
200 -0.4905272730 -0.0000009909 88.555
Marginal Likelihood = -0.4905272730
Total time = 1666.0707 seconds
Total iterations = 200 
