Marginal likelihood with initialization (1) = -0.5777877173
Marginal likelihood with initialization (2) = -0.5777869098
Marginal likelihood with initialization (3) = -0.5777863684
Marginal likelihood with initialization (4) = -0.5777872756
Marginal likelihood with initialization (5) = -0.5777889569
Iteration Marginal_Likelihood delta_Marginal_Likelihood Iteration_Time (secs)
0 -0.5777863684 -- 7.511
10 -0.5351113801 0.0426749882 15.232
20 -0.5245079195 0.0106034606 16.773
30 -0.4906025177 0.0339054019 30.330
40 -0.4904588086 0.0001437090 39.638
50 -0.4904213218 0.0000374868 38.927
60 -0.4904011117 0.0000202101 38.908
70 -0.4903902750 0.0000108367 38.900
80 -0.4903856699 0.0000046051 38.886
90 -0.4903763897 0.0000092803 38.891
100 -0.4903707886 0.0000056011 38.890
110 -0.4903786780 -0.0000078895 38.883
120 -0.4903593033 0.0000193747 38.872
130 -0.4903647071 -0.0000054037 38.864
140 -0.4903599932 0.0000047139 38.878
150 -0.4903520408 0.0000079524 38.893
160 -0.4903467621 0.0000052787 38.847
170 -0.4903450353 0.0000017268 38.849
180 -0.4903439820 0.0000010533 38.836
190 -0.4903435177 0.0000004643 38.848
Marginal Likelihood = -0.4903435177
Total time = 693.4124 seconds
Total iterations = 190 
