Marginal likelihood with initialization (1) = -0.6934246734
Marginal likelihood with initialization (2) = -0.6934243928
Marginal likelihood with initialization (3) = -0.6934252052
Marginal likelihood with initialization (4) = -0.6934248477
Marginal likelihood with initialization (5) = -0.6934231065
Iteration Marginal_Likelihood delta_Marginal_Likelihood Iteration_Time (secs)
0 -0.6934231065 -- 20.055
10 -0.5766459422 0.1167771643 54.718
20 -0.5302459414 0.0464000008 104.030
30 -0.5170362933 0.0132096482 123.230
40 -0.5114060048 0.0056302884 126.301
50 -0.4919317844 0.0194742204 129.625
60 -0.4908904105 0.0010413739 138.361
70 -0.4907523620 0.0001380485 138.285
80 -0.4906988847 0.0000534773 138.216
90 -0.4906660793 0.0000328054 138.155
100 -0.4906432594 0.0000228199 138.258
110 -0.4906320512 0.0000112082 138.245
120 -0.4906274832 0.0000045680 138.213
130 -0.4906187988 0.0000086844 138.296
140 -0.4906131069 0.0000056919 138.386
150 -0.4906101543 0.0000029526 138.473
160 -0.4906100713 0.0000000830 138.365
Marginal Likelihood = -0.4906100713
Total time = 2081.0719 seconds
Total iterations = 160 
