Marginal likelihood with initialization (1) = -0.6203230809
Marginal likelihood with initialization (2) = -0.6203231167
Marginal likelihood with initialization (3) = -0.6203222195
Marginal likelihood with initialization (4) = -0.6203234013
Marginal likelihood with initialization (5) = -0.6203221042
Iteration Marginal_Likelihood delta_Marginal_Likelihood Iteration_Time (secs)
0 -0.6203221042 -- 11.466
10 -0.5441958882 0.0761262159 29.052
20 -0.5175684198 0.0266274684 51.140
30 -0.5150859436 0.0024824762 60.516
40 -0.5115610781 0.0035248655 60.646
50 -0.4951592142 0.0164018639 67.137
60 -0.4950269893 0.0001322249 72.158
70 -0.4918388627 0.0031881266 72.480
80 -0.4911991956 0.0006396672 72.499
90 -0.4923968619 -0.0011976663 72.224
100 -0.4907173749 0.0016794870 72.134
110 -0.4906391564 0.0000782185 72.107
120 -0.4906014878 0.0000376686 72.078
130 -0.4905756260 0.0000258618 72.092
140 -0.4905579139 0.0000177121 72.091
150 -0.4905429583 0.0000149556 72.090
160 -0.4905300119 0.0000129464 71.991
170 -0.4905182567 0.0000117552 71.990
180 -0.4905122231 0.0000060336 71.916
190 -0.4905032173 0.0000090058 71.901
200 -0.4904964447 0.0000067725 71.924
210 -0.4904936338 0.0000028109 71.930
220 -0.4904926368 0.0000009970 71.941
Marginal Likelihood = -0.4904926368
Total time = 1506.6155 seconds
Total iterations = 220 
