Marginal likelihood with initialization (1) = -0.6763264028
Marginal likelihood with initialization (2) = -0.6763268155
Marginal likelihood with initialization (3) = -0.6763265387
Marginal likelihood with initialization (4) = -0.6763261469
Marginal likelihood with initialization (5) = -0.6763270413
Iteration Marginal_Likelihood delta_Marginal_Likelihood Iteration_Time (secs)
0 -0.6763261469 -- 16.129
10 -0.5923979844 0.0839281625 46.453
20 -0.5314895489 0.0609084355 76.163
30 -0.5182621583 0.0132273906 110.186
40 -0.5172570904 0.0010050678 111.432
50 -0.5149851016 0.0022719888 111.782
60 -0.5045975982 0.0103875034 112.071
70 -0.4917942874 0.0128033108 120.421
80 -0.4910383437 0.0007559437 122.071
90 -0.4908264959 0.0002118479 122.002
100 -0.4907709390 0.0000555569 121.683
110 -0.4907271433 0.0000437957 121.723
120 -0.4906979352 0.0000292081 121.704
130 -0.4906801259 0.0000178093 121.701
140 -0.4906654545 0.0000146715 121.849
150 -0.4906512487 0.0000142058 121.706
160 -0.4906410486 0.0000102001 121.670
170 -0.4906265402 0.0000145084 121.596
180 -0.4906115659 0.0000149743 121.544
190 -0.4906107768 0.0000007891 121.701
Marginal Likelihood = -0.4906107768
Total time = 2167.2555 seconds
Total iterations = 190 
