Marginal likelihood with initialization (1) = -0.5996952135
Marginal likelihood with initialization (2) = -0.5996958967
Marginal likelihood with initialization (3) = -0.5996940255
Marginal likelihood with initialization (4) = -0.5996961591
Marginal likelihood with initialization (5) = -0.5996949998
Iteration Marginal_Likelihood delta_Marginal_Likelihood Iteration_Time (secs)
0 -0.5996940255 -- 8.584
10 -0.4939140181 0.1057800074 30.046
20 -0.4906737251 0.0032402930 55.651
30 -0.4905922376 0.0000814874 55.567
40 -0.4905478123 0.0000444253 55.521
50 -0.4905191029 0.0000287094 55.534
60 -0.4904994001 0.0000197028 55.494
70 -0.4904906536 0.0000087465 55.479
80 -0.4904782243 0.0000124293 55.476
90 -0.4904716502 0.0000065742 55.469
100 -0.4904665659 0.0000050843 55.442
110 -0.4904584416 0.0000081243 55.428
120 -0.4904509579 0.0000074837 55.420
130 -0.4904472979 0.0000036600 55.411
140 -0.4904410451 0.0000062528 55.404
150 -0.4904358401 0.0000052050 55.392
160 -0.4904326136 0.0000032265 55.395
170 -0.4904322148 0.0000003988 55.304
Marginal Likelihood = -0.4904322148
Total time = 926.9461 seconds
Total iterations = 170 
