Marginal likelihood with initialization (1) = -0.5542942800
Marginal likelihood with initialization (2) = -0.5542943518
Marginal likelihood with initialization (3) = -0.5542959849
Marginal likelihood with initialization (4) = -0.5542921444
Marginal likelihood with initialization (5) = -0.5542933042
Iteration Marginal_Likelihood delta_Marginal_Likelihood Iteration_Time (secs)
0 -0.5542921444 -- 4.944
10 -0.5092095706 0.0450825738 10.117
20 -0.4938540565 0.0153555141 11.752
30 -0.4903144534 0.0035396031 22.193
40 -0.4902940807 0.0000203727 22.386
50 -0.4902535997 0.0000404810 22.427
60 -0.4902394054 0.0000141943 22.385
70 -0.4902442344 -0.0000048290 22.357
80 -0.4902304594 0.0000137750 22.332
90 -0.4902286087 0.0000018507 22.303
100 -0.4902248428 0.0000037659 22.336
110 -0.4902233211 0.0000015218 22.330
120 -0.4902212963 0.0000020247 22.328
130 -0.4902201218 0.0000011745 22.303
140 -0.4902183674 0.0000017544 22.275
150 -0.4902172390 0.0000011284 22.283
160 -0.4902161057 0.0000011334 22.311
170 -0.4902151545 0.0000009512 22.300
Marginal Likelihood = -0.4902151545
Total time = 362.2210 seconds
Total iterations = 170 
