Marginal likelihood with initialization (1) = -0.5996947464
Marginal likelihood with initialization (2) = -0.5996962328
Marginal likelihood with initialization (3) = -0.5996948017
Marginal likelihood with initialization (4) = -0.5996951035
Marginal likelihood with initialization (5) = -0.5996955193
Iteration Marginal_Likelihood delta_Marginal_Likelihood Iteration_Time (secs)
0 -0.5996947464 -- 0.311
10 -0.5379220822 0.0617726642 0.986
20 -0.5160932184 0.0218288638 1.443
30 -0.5052117875 0.0108814309 1.931
40 -0.4907585058 0.0144532817 1.001
50 -0.4906482952 0.0001102106 0.911
60 -0.4905501983 0.0000980969 1.035
70 -0.4905206917 0.0000295066 0.956
80 -0.4905016415 0.0000190501 0.993
90 -0.4904884039 0.0000132377 0.909
100 -0.4904774350 0.0000109688 0.962
110 -0.4904701324 0.0000073027 0.939
120 -0.4904644844 0.0000056480 1.114
130 -0.4904580690 0.0000064155 0.974
140 -0.4904516417 0.0000064272 0.970
150 -0.4904470061 0.0000046356 0.937
160 -0.4904418293 0.0000051768 1.010
170 -0.4904356038 0.0000062255 0.923
180 -0.4904325559 0.0000030479 0.930
190 -0.4904321235 0.0000004324 0.996
Marginal Likelihood = -0.4904321235
Total time = 20.2460 seconds
Total iterations = 190 
