Marginal likelihood with initialization (1) = -0.5542966094
Marginal likelihood with initialization (2) = -0.5542947479
Marginal likelihood with initialization (3) = -0.5542947483
Marginal likelihood with initialization (4) = -0.5542944458
Marginal likelihood with initialization (5) = -0.5542924349
Iteration Marginal_Likelihood delta_Marginal_Likelihood Iteration_Time (secs)
0 -0.5542924349 -- 0.246
10 -0.4931225030 0.0611699318 0.696
20 -0.4903546397 0.0027678633 0.828
30 -0.4903040525 0.0000505872 0.850
40 -0.4902951628 0.0000088897 0.713
50 -0.4902609369 0.0000342259 0.710
60 -0.4902637267 -0.0000027898 0.780
70 -0.4902457666 0.0000179600 0.724
80 -0.4902394903 0.0000062763 0.740
90 -0.4902410488 -0.0000015585 0.695
100 -0.4902272320 0.0000138168 0.658
110 -0.4902254917 0.0000017403 0.778
120 -0.4902246661 0.0000008256 0.805
Marginal Likelihood = -0.4902246661
Total time = 9.2295 seconds
Total iterations = 120 
