Marginal likelihood with initialization (1) = -0.6585078819
Marginal likelihood with initialization (2) = -0.6585067851
Marginal likelihood with initialization (3) = -0.6585076611
Marginal likelihood with initialization (4) = -0.6585088898
Marginal likelihood with initialization (5) = -0.6585080860
Iteration Marginal_Likelihood delta_Marginal_Likelihood Iteration_Time (secs)
0 -0.6585067851 -- 0.429
10 -0.5947855657 0.0637212194 1.340
20 -0.5410346859 0.0537508798 1.311
30 -0.5345956069 0.0064390791 1.314
40 -0.5299363977 0.0046592091 1.301
50 -0.4994115323 0.0305248654 1.298
60 -0.4907628885 0.0086486438 1.293
70 -0.4906585830 0.0001043056 1.299
80 -0.4906315397 0.0000270432 1.276
90 -0.4906121820 0.0000193577 1.286
100 -0.4905936350 0.0000185470 1.305
110 -0.4905830684 0.0000105666 1.306
120 -0.4905745595 0.0000085089 1.322
130 -0.4905677321 0.0000068274 1.317
140 -0.4905601316 0.0000076005 1.308
150 -0.4905579675 0.0000021641 1.376
160 -0.4905561701 0.0000017974 1.339
170 -0.4905561701 0.0000000000 1.356
Marginal Likelihood = -0.4905561701
Total time = 22.7875 seconds
Total iterations = 170 
