Marginal likelihood with initialization (1) = -0.6398756862
Marginal likelihood with initialization (2) = -0.6398780247
Marginal likelihood with initialization (3) = -0.6398764863
Marginal likelihood with initialization (4) = -0.6398785951
Marginal likelihood with initialization (5) = -0.6398784136
Iteration Marginal_Likelihood delta_Marginal_Likelihood Iteration_Time (secs)
0 -0.6398756862 -- 0.393
10 -0.5549698663 0.0849058198 1.191
20 -0.5115806509 0.0433892155 1.194
30 -0.5070319090 0.0045487419 1.209
40 -0.4935328402 0.0134990688 1.180
50 -0.4921569738 0.0013758663 1.190
60 -0.4914333216 0.0007236522 1.244
70 -0.4911999445 0.0002333772 1.197
80 -0.4907450365 0.0004549079 1.197
90 -0.4906835902 0.0000614463 1.180
100 -0.4906474567 0.0000361336 1.173
110 -0.4906234605 0.0000239962 1.196
120 -0.4906023572 0.0000211034 1.192
130 -0.4905899482 0.0000124090 1.187
140 -0.4905760760 0.0000138721 1.183
150 -0.4905648220 0.0000112540 1.183
160 -0.4905566181 0.0000082039 1.178
170 -0.4905433908 0.0000132273 1.190
180 -0.4905435613 -0.0000001705 1.171
Marginal Likelihood = -0.4905435613
Total time = 21.8376 seconds
Total iterations = 180 
