Marginal likelihood with initialization (1) = -0.6785692438
Marginal likelihood with initialization (2) = -0.6785684352
Marginal likelihood with initialization (3) = -0.6785679999
Marginal likelihood with initialization (4) = -0.6785690599
Marginal likelihood with initialization (5) = -0.6785656265
Iteration Marginal_Likelihood delta_Marginal_Likelihood Iteration_Time (secs)
0 -0.6785656265 -- 0.482
10 -0.5715353760 0.1070302504 1.619
20 -0.5448115961 0.0267237799 1.417
30 -0.5374743238 0.0073372723 1.388
40 -0.5175132650 0.0199610588 1.385
50 -0.5155652259 0.0019480391 1.364
60 -0.5128366715 0.0027285544 1.360
70 -0.5004140113 0.0124226602 1.505
80 -0.4911279696 0.0092860418 1.497
90 -0.4911237764 0.0000041931 1.556
100 -0.4911128478 0.0000109286 1.387
110 -0.4911089477 0.0000039001 1.366
120 -0.4911111831 -0.0000022353 1.422
130 -0.4911089078 0.0000022753 1.490
140 -0.4911089026 0.0000000052 1.519
Marginal Likelihood = -0.4911089026
Total time = 20.7702 seconds
Total iterations = 140 
