Marginal likelihood with initialization (1) = -0.6606075433
Marginal likelihood with initialization (2) = -0.6606060955
Marginal likelihood with initialization (3) = -0.6606074254
Marginal likelihood with initialization (4) = -0.6606061368
Marginal likelihood with initialization (5) = -0.6606080379
Iteration Marginal_Likelihood delta_Marginal_Likelihood Iteration_Time (secs)
0 -0.6606060955 -- 0.392
10 -0.5629384133 0.0976676822 1.215
20 -0.5098955490 0.0530428644 1.216
30 -0.4912520202 0.0186435288 1.306
40 -0.4912005946 0.0000514256 1.394
50 -0.4911733829 0.0000272117 1.428
60 -0.4911510516 0.0000223313 1.640
70 -0.4911359601 0.0000150915 1.752
80 -0.4911211080 0.0000148520 1.411
90 -0.4911130759 0.0000080321 1.706
100 -0.4911017863 0.0000112897 1.349
110 -0.4910984318 0.0000033545 1.795
120 -0.4910933791 0.0000050527 1.347
130 -0.4910894129 0.0000039661 1.284
140 -0.4910856521 0.0000037609 1.256
150 -0.4910834162 0.0000022358 1.203
160 -0.4910826976 0.0000007186 1.262
Marginal Likelihood = -0.4910826976
Total time = 22.9766 seconds
Total iterations = 160 
