Marginal likelihood with initialization (1) = -0.6418226661
Marginal likelihood with initialization (2) = -0.6418266368
Marginal likelihood with initialization (3) = -0.6418267883
Marginal likelihood with initialization (4) = -0.6418260353
Marginal likelihood with initialization (5) = -0.6418258125
Iteration Marginal_Likelihood delta_Marginal_Likelihood Iteration_Time (secs)
0 -0.6418226661 -- 0.378
10 -0.5683591188 0.0734635473 1.214
20 -0.5397913665 0.0285677523 1.130
30 -0.5030089283 0.0367824383 1.116
40 -0.4915389882 0.0114699401 1.092
50 -0.4913435110 0.0001954772 1.111
60 -0.4912448556 0.0000986553 1.086
70 -0.4911937767 0.0000510790 1.127
80 -0.4911650364 0.0000287403 1.089
90 -0.4911441832 0.0000208532 1.160
100 -0.4911245197 0.0000196636 1.132
110 -0.4911085883 0.0000159313 1.111
120 -0.4910951390 0.0000134493 1.099
130 -0.4910874862 0.0000076529 1.094
140 -0.4910821519 0.0000053342 1.096
150 -0.4910745182 0.0000076337 1.086
160 -0.4910701599 0.0000043583 1.107
170 -0.4910633180 0.0000068419 1.105
180 -0.4910605978 0.0000027202 1.171
190 -0.4910567736 0.0000038242 1.082
200 -0.4910532804 0.0000034933 1.142
210 -0.4910453072 0.0000079732 1.267
220 -0.4910452865 0.0000000207 1.107
Marginal Likelihood = -0.4910452865
Total time = 25.1586 seconds
Total iterations = 220 
