Marginal likelihood with initialization (1) = -0.6221075707
Marginal likelihood with initialization (2) = -0.6221105304
Marginal likelihood with initialization (3) = -0.6221115446
Marginal likelihood with initialization (4) = -0.6221098350
Marginal likelihood with initialization (5) = -0.6221109828
Iteration Marginal_Likelihood delta_Marginal_Likelihood Iteration_Time (secs)
0 -0.6221075707 -- 0.318
10 -0.5740158731 0.0480916976 1.189
20 -0.5491120705 0.0249038026 1.153
30 -0.5093850768 0.0397269936 1.291
40 -0.4986684173 0.0107166595 1.002
50 -0.4912236121 0.0074448052 0.997
60 -0.4911474194 0.0000761927 1.365
70 -0.4911112932 0.0000361262 1.441
80 -0.4910879793 0.0000233139 2.164
90 -0.4910669486 0.0000210306 1.405
100 -0.4910538268 0.0000131219 0.950
110 -0.4910468701 0.0000069567 0.952
120 -0.4910369691 0.0000099010 0.993
130 -0.4910312689 0.0000057002 0.969
140 -0.4910261104 0.0000051585 0.963
150 -0.4910197386 0.0000063718 0.944
160 -0.4910167964 0.0000029422 0.951
170 -0.4910135018 0.0000032946 1.455
180 -0.4910114491 0.0000020526 1.705
190 -0.4910288611 -0.0000174119 1.158
200 -0.4910093872 0.0000194739 1.235
210 -0.4910053383 0.0000040489 0.992
220 -0.4910028626 0.0000024757 1.168
230 -0.4909997718 0.0000030908 1.404
240 -0.4909981455 0.0000016263 1.353
250 -0.4909981562 -0.0000000107 1.554
Marginal Likelihood = -0.4909981562
Total time = 32.0817 seconds
Total iterations = 250 
