Marginal likelihood with initialization (1) = -0.6203231615
Marginal likelihood with initialization (2) = -0.6203236914
Marginal likelihood with initialization (3) = -0.6203232350
Marginal likelihood with initialization (4) = -0.6203234712
Marginal likelihood with initialization (5) = -0.6203235348
Iteration Marginal_Likelihood delta_Marginal_Likelihood Iteration_Time (secs)
0 -0.6203231615 -- 0.353
10 -0.5388666536 0.0814565079 1.073
20 -0.5191186638 0.0197479898 1.020
30 -0.5184824788 0.0006361850 1.030
40 -0.5179153952 0.0005670836 1.065
50 -0.5164835320 0.0014318632 1.022
60 -0.5049807077 0.0115028243 1.024
70 -0.4911975674 0.0137831403 1.057
80 -0.4909141515 0.0002834158 1.014
90 -0.4907197317 0.0001944198 1.049
100 -0.4906490852 0.0000706465 1.254
110 -0.4906035525 0.0000455327 1.583
120 -0.4905803050 0.0000232475 1.094
130 -0.4905636910 0.0000166140 1.001
140 -0.4905471212 0.0000165699 1.010
150 -0.4905371382 0.0000099829 0.978
160 -0.4905291740 0.0000079642 1.024
170 -0.4905206982 0.0000084759 0.973
180 -0.4905123826 0.0000083155 1.040
190 -0.4905063211 0.0000060616 1.050
200 -0.4904946108 0.0000117102 0.990
210 -0.4904957133 -0.0000011025 0.977
220 -0.4904926872 0.0000030261 0.974
230 -0.4904893837 0.0000033035 0.985
240 -0.4904852386 0.0000041450 1.006
250 -0.4904812178 0.0000040208 1.002
260 -0.4904810099 0.0000002078 1.009
Marginal Likelihood = -0.4904810099
Total time = 27.6724 seconds
Total iterations = 260 
