Marginal likelihood with initialization (1) = -0.6934248816
Marginal likelihood with initialization (2) = -0.6934243456
Marginal likelihood with initialization (3) = -0.6934240333
Marginal likelihood with initialization (4) = -0.6934247736
Marginal likelihood with initialization (5) = -0.6934229063
Iteration Marginal_Likelihood delta_Marginal_Likelihood Iteration_Time (secs)
0 -0.6934229063 -- 0.525
10 -0.5986882777 0.0947346286 1.603
20 -0.5796025573 0.0190857204 1.579
30 -0.5414081103 0.0381944470 1.574
40 -0.5212735027 0.0201346076 1.581
50 -0.5017032320 0.0195702707 1.577
60 -0.4918689787 0.0098342533 1.573
70 -0.4916516447 0.0002173340 1.556
80 -0.4910644991 0.0005871456 1.559
90 -0.4908893831 0.0001751160 1.549
100 -0.4907846227 0.0001047604 1.558
110 -0.4907487059 0.0000359168 1.578
120 -0.4907164443 0.0000322616 1.573
130 -0.4906956256 0.0000208187 1.576
140 -0.4906782692 0.0000173564 1.585
150 -0.4906650065 0.0000132628 1.575
160 -0.4906523703 0.0000126361 1.576
170 -0.4906384106 0.0000139597 1.570
180 -0.4906324020 0.0000060087 1.570
190 -0.4906214426 0.0000109594 1.590
200 -0.4906159340 0.0000055086 1.580
210 -0.4906131782 0.0000027558 1.561
220 -0.4906146719 -0.0000014936 1.581
230 -0.4906098146 0.0000048573 1.570
240 -0.4906098145 0.0000000001 1.549
Marginal Likelihood = -0.4906098145
Total time = 38.2849 seconds
Total iterations = 240 
