Marginal likelihood with initialization (1) = -0.5777892194
Marginal likelihood with initialization (2) = -0.5777848388
Marginal likelihood with initialization (3) = -0.5777864649
Marginal likelihood with initialization (4) = -0.5777858798
Marginal likelihood with initialization (5) = -0.5777885699
Iteration Marginal_Likelihood delta_Marginal_Likelihood Iteration_Time (secs)
0 -0.5777848388 -- 0.323
10 -0.5111571743 0.0666276645 0.759
20 -0.5106719419 0.0004852325 0.789
30 -0.5103238461 0.0003480958 0.795
40 -0.5100860866 0.0002377595 0.765
50 -0.5098284256 0.0002576610 0.821
60 -0.5095046177 0.0003238079 0.775
70 -0.5084011559 0.0011034617 0.768
80 -0.5015346869 0.0068664691 0.860
90 -0.4934363193 0.0080983676 0.780
100 -0.4932464364 0.0001898829 0.783
110 -0.4932087742 0.0000376622 0.774
120 -0.4932089246 -0.0000001505 0.871
Marginal Likelihood = -0.4932089246
Total time = 9.8853 seconds
Total iterations = 120 
