Marginal likelihood with initialization (1) = -0.6957999182
Marginal likelihood with initialization (2) = -0.6957998001
Marginal likelihood with initialization (3) = -0.6957994719
Marginal likelihood with initialization (4) = -0.6957999597
Marginal likelihood with initialization (5) = -0.6957990556
Iteration Marginal_Likelihood delta_Marginal_Likelihood Iteration_Time (secs)
0 -0.6957990556 -- 0.486
10 -0.5847709811 0.1110280745 1.488
20 -0.5400724178 0.0446985633 1.472
30 -0.5147615690 0.0253108488 1.528
40 -0.5117347697 0.0030267993 1.502
50 -0.5111709104 0.0005638593 1.501
60 -0.5104384090 0.0007325015 1.486
70 -0.5090410704 0.0013973386 1.513
80 -0.5050363343 0.0040047361 1.483
90 -0.4921349675 0.0129013668 1.513
100 -0.4915045341 0.0006304334 1.493
110 -0.4912980287 0.0002065054 1.479
120 -0.4912534184 0.0000446103 1.457
130 -0.4912254742 0.0000279442 1.454
140 -0.4912111205 0.0000143537 1.459
150 -0.4911932345 0.0000178860 1.565
160 -0.4911868968 0.0000063378 1.543
170 -0.4911776785 0.0000092183 1.793
180 -0.4911702447 0.0000074338 1.694
190 -0.4911594298 0.0000108150 1.732
200 -0.4911533410 0.0000060887 1.515
210 -0.4911492660 0.0000040750 1.726
220 -0.4911395604 0.0000097056 1.502
230 -0.4911364959 0.0000030645 1.547
240 -0.4911336952 0.0000028008 1.488
250 -0.4911336934 0.0000000018 1.596
Marginal Likelihood = -0.4911336934
Total time = 39.0331 seconds
Total iterations = 250 
