Marginal likelihood with initialization (1) = -0.6763253286
Marginal likelihood with initialization (2) = -0.6763261398
Marginal likelihood with initialization (3) = -0.6763260464
Marginal likelihood with initialization (4) = -0.6763278124
Marginal likelihood with initialization (5) = -0.6763262615
Iteration Marginal_Likelihood delta_Marginal_Likelihood Iteration_Time (secs)
0 -0.6763253286 -- 0.458
10 -0.5885327782 0.0877925504 1.509
20 -0.5342027439 0.0543300343 1.495
30 -0.5063061624 0.0278965815 1.469
40 -0.4908960830 0.0154100794 1.463
50 -0.4907342059 0.0001618771 1.456
60 -0.4906860974 0.0000481086 1.485
70 -0.4906618396 0.0000242578 1.535
80 -0.4906397911 0.0000220485 1.512
90 -0.4906249233 0.0000148678 1.491
100 -0.4906137606 0.0000111626 1.485
110 -0.4906058011 0.0000079595 1.476
120 -0.4906001440 0.0000056571 1.485
130 -0.4905990504 0.0000010935 1.488
140 -0.4905931280 0.0000059225 1.481
150 -0.4905856098 0.0000075181 1.507
160 -0.4905905713 -0.0000049615 1.484
170 -0.4905853870 0.0000051843 1.493
180 -0.4905824757 0.0000029113 1.493
190 -0.4905824062 0.0000000694 1.471
Marginal Likelihood = -0.4905824062
Total time = 28.8538 seconds
Total iterations = 190 
