Marginal likelihood with initialization (1) = -0.5792129420
Marginal likelihood with initialization (2) = -0.5792115438
Marginal likelihood with initialization (3) = -0.5792104918
Marginal likelihood with initialization (4) = -0.5792135881
Marginal likelihood with initialization (5) = -0.5792134293
Iteration Marginal_Likelihood delta_Marginal_Likelihood Iteration_Time (secs)
0 -0.5792104918 -- 0.256
10 -0.5308465527 0.0483639390 0.787
20 -0.4921325145 0.0387140382 0.801
30 -0.4910107680 0.0011217465 0.768
40 -0.4909904520 0.0000203160 0.712
50 -0.4909681743 0.0000222777 0.697
60 -0.4909207473 0.0000474270 0.700
70 -0.4909071560 0.0000135913 0.762
80 -0.4908996970 0.0000074591 0.699
90 -0.4908910877 0.0000086092 0.701
100 -0.4908856446 0.0000054431 0.712
110 -0.4908834788 0.0000021658 0.693
120 -0.4908761310 0.0000073478 0.702
130 -0.4908725836 0.0000035474 0.696
140 -0.4908705749 0.0000020086 0.699
150 -0.4908698526 0.0000007224 0.702
Marginal Likelihood = -0.4908698526
Total time = 11.0937 seconds
Total iterations = 150 
